<?xml version="1.0" encoding="UTF-8"?>
<testng-results ignored="0" total="4" passed="4" failed="0" skipped="0">
  <reporter-output>
  </reporter-output>
  <suite started-at="2023-06-27T22:09:19 IST" name="Default suite" finished-at="2023-06-27T22:09:49 IST" duration-ms="29979">
    <groups>
    </groups>
    <test started-at="2023-06-27T22:09:19 IST" name="Default test" finished-at="2023-06-27T22:09:49 IST" duration-ms="29979">
      <class name="Testng.Testcases.testcase001">
        <test-method is-config="true" signature="openbrowser()[pri:0, instance:Testng.Testcases.testcase001@3e58a80e]" started-at="2023-06-27T22:09:19 IST" name="openbrowser" finished-at="2023-06-27T22:09:30 IST" duration-ms="10338" status="PASS">
          <reporter-output>
          </reporter-output>
        </test-method> <!-- openbrowser -->
        <test-method signature="Actualtitle()[pri:0, instance:Testng.Testcases.testcase001@3e58a80e]" started-at="2023-06-27T22:09:30 IST" name="Actualtitle" finished-at="2023-06-27T22:09:30 IST" duration-ms="58" status="PASS">
          <reporter-output>
          </reporter-output>
        </test-method> <!-- Actualtitle -->
        <test-method signature="location()[pri:0, instance:Testng.Testcases.testcase001@3e58a80e]" started-at="2023-06-27T22:09:30 IST" name="location" finished-at="2023-06-27T22:09:32 IST" duration-ms="2196" status="PASS">
          <reporter-output>
          </reporter-output>
        </test-method> <!-- location -->
        <test-method signature="selectfirstoption()[pri:0, instance:Testng.Testcases.testcase001@3e58a80e]" started-at="2023-06-27T22:09:32 IST" name="selectfirstoption" finished-at="2023-06-27T22:09:34 IST" duration-ms="2144" status="PASS">
          <reporter-output>
          </reporter-output>
        </test-method> <!-- selectfirstoption -->
        <test-method signature="sidespage()[pri:0, instance:Testng.Testcases.testcase001@3e58a80e]" started-at="2023-06-27T22:09:34 IST" name="sidespage" finished-at="2023-06-27T22:09:49 IST" duration-ms="14851" status="PASS">
          <reporter-output>
          </reporter-output>
        </test-method> <!-- sidespage -->
        <test-method is-config="true" signature="closeBrowser()[pri:0, instance:Testng.Testcases.testcase001@3e58a80e]" started-at="2023-06-27T22:09:49 IST" name="closeBrowser" finished-at="2023-06-27T22:09:49 IST" duration-ms="302" status="PASS">
          <reporter-output>
          </reporter-output>
        </test-method> <!-- closeBrowser -->
      </class> <!-- Testng.Testcases.testcase001 -->
    </test> <!-- Default test -->
  </suite> <!-- Default suite -->
</testng-results>
