<?xml version="1.0" encoding="UTF-8"?>
<!-- Generated by org.testng.reporters.JUnitXMLReporter -->
<testsuite ignored="0" hostname="Ammula" failures="0" tests="4" name="Test" time="19.746" errors="0" timestamp="2023-06-27T21:54:38 IST">
  <testcase classname="Testng.Testcases.testcase001" name="Actualtitle" time="0.013"/>
  <testcase classname="Testng.Testcases.testcase001" name="location" time="2.107"/>
  <testcase classname="Testng.Testcases.testcase001" name="selectfirstoption" time="2.053"/>
  <testcase classname="Testng.Testcases.testcase001" name="sidespage" time="11.984"/>
</testsuite> <!-- Test -->
