<?xml version="1.0" encoding="UTF-8"?>
<!-- Generated by org.testng.reporters.JUnitXMLReporter -->
<testsuite ignored="0" hostname="DESKTOP-2BSC6FJ" failures="0" tests="4" name="Default test" time="29.979" errors="0" timestamp="2023-06-27T22:09:49 IST">
  <testcase classname="Testng.Testcases.testcase001" name="Actualtitle" time="0.058"/>
  <testcase classname="Testng.Testcases.testcase001" name="location" time="2.196"/>
  <testcase classname="Testng.Testcases.testcase001" name="selectfirstoption" time="2.144"/>
  <testcase classname="Testng.Testcases.testcase001" name="sidespage" time="14.851"/>
</testsuite> <!-- Default test -->
